[debug] [2017-12-01T12:50:50.672Z] ----------------------------------------------------------------------
[debug] [2017-12-01T12:50:50.673Z] Command:       /usr/local/bin/node /usr/local/bin/firebase deploy --only hosting
[debug] [2017-12-01T12:50:50.673Z] CLI Version:   3.15.3
[debug] [2017-12-01T12:50:50.673Z] Platform:      darwin
[debug] [2017-12-01T12:50:50.673Z] Node Version:  v8.2.1
[debug] [2017-12-01T12:50:50.674Z] Time:          Fri Dec 01 2017 07:50:50 GMT-0500 (EST)
[debug] [2017-12-01T12:50:50.674Z] ----------------------------------------------------------------------
[debug] 
[debug] [2017-12-01T12:50:50.682Z] > command requires scopes: ["email","openid","https://www.googleapis.com/auth/cloudplatformprojects.readonly","https://www.googleapis.com/auth/firebase","https://www.googleapis.com/auth/cloud-platform"]
[debug] [2017-12-01T12:50:50.682Z] > authorizing via signed-in user
[debug] [2017-12-01T12:50:50.684Z] > refreshing access token with scopes: ["email","https://www.googleapis.com/auth/cloud-platform","https://www.googleapis.com/auth/cloudplatformprojects.readonly","https://www.googleapis.com/auth/firebase","openid"]
[debug] [2017-12-01T12:50:50.684Z] >>> HTTP REQUEST POST https://www.googleapis.com/oauth2/v3/token { refresh_token: '1/xugHXoZXo7rwvhp-gvQXM05Td6chiuhb33-KyFlP5LT9Nxpp4ksPKyoOH7dQSBxa',
  client_id: '563584335869-fgrhgmd47bqnekij5i8b5pr03ho849e6.apps.googleusercontent.com',
  client_secret: 'j9iVZfS8kkCEFUPaAeJV0sAi',
  grant_type: 'refresh_token',
  scope: 'email https://www.googleapis.com/auth/cloud-platform https://www.googleapis.com/auth/cloudplatformprojects.readonly https://www.googleapis.com/auth/firebase openid' } 
 Fri Dec 01 2017 07:50:50 GMT-0500 (EST)
[debug] [2017-12-01T12:50:50.797Z] <<< HTTP RESPONSE 200
[debug] [2017-12-01T12:50:50.813Z] >>> HTTP REQUEST GET https://admin.firebase.com/v1/projects/gt-course-surveys-dev  
 Fri Dec 01 2017 07:50:50 GMT-0500 (EST)
[debug] [2017-12-01T12:50:51.186Z] <<< HTTP RESPONSE 200
[debug] [2017-12-01T12:50:51.186Z] >>> HTTP REQUEST GET https://admin.firebase.com/v1/database/gt-course-surveys-dev/tokens  
 Fri Dec 01 2017 07:50:51 GMT-0500 (EST)
[debug] [2017-12-01T12:51:00.944Z] <<< HTTP RESPONSE 200
[info] 
[info] === Deploying to 'gt-course-surveys-dev'...
[info] 
[info] i  deploying hosting
[info] i  hosting: preparing dist directory for upload...
[debug] [2017-12-01T12:51:04.161Z] >>> HTTP REQUEST PUT https://deploy.firebase.com/v1/hosting/gt-course-surveys-dev/uploads/-L-H7KfT9lRT9-XWZEx2?fileCount=12&message=  
 Fri Dec 01 2017 07:51:04 GMT-0500 (EST)
[debug] [2017-12-01T12:51:16.567Z] <<< HTTP RESPONSE 200
[debug] [2017-12-01T12:51:16.567Z] [hosting] .tgz uploaded successfully, waiting for extraction
